{"name": "выход из аккаунта", "status": "broken", "statusDetails": {"message": "selenium.common.exceptions.TimeoutException: Message: \nStacktrace:\n\tGetHandleVerifier [0x00F780E3+60707]\n\tGetHandleVerifier [0x00F78124+60772]\n\t(No symbol) [0x00DA0683]\n\t(No symbol) [0x00DE8660]\n\t(No symbol) [0x00DE89FB]\n\t(No symbol) [0x00E31022]\n\t(No symbol) [0x00E0D094]\n\t(No symbol) [0x00E2E824]\n\t(No symbol) [0x00E0CE46]\n\t(No symbol) [0x00DDC5D3]\n\t(No symbol) [0x00DDD424]\n\tGetHandleVerifier [0x011BBBC3+2435075]\n\tGetHandleVerifier [0x011B7163+2416035]\n\tGetHandleVerifier [0x011D350C+2531660]\n\tGetHandleVerifier [0x00F8F1B5+155125]\n\tGetHandleVerifier [0x00F95B5D+182173]\n\tGetHandleVerifier [0x00F7F9B8+91640]\n\tGetHandleVerifier [0x00F7FB60+92064]\n\tGetHandleVerifier [0x00F6A620+4704]\n\tBaseThreadInitThunk [0x75A75D49+25]\n\tRtlInitializeExceptionChain [0x7732CF0B+107]\n\tRtlGetAppContainerNamedObjectPath [0x7732CE91+561]", "trace": "self = <tests.test_personal_account.TestPersonalAccount object at 0x000002A406BAB650>\ndriver = <selenium.webdriver.chrome.webdriver.WebDriver (session=\"c4c8a84030577d88648bed511e11f67f\")>\ncreate_user_and_get_creds = {'email': 'vsavage@example.com', 'name': 'Timothy Smith', 'password': '&L#1Hd_vy7'}\n\n    @allure.title('выход из аккаунта')\n    def test_log_out_of_account(self, driver, create_user_and_get_creds):\n        main_page = MainPage(driver)\n        main_page.click_on_login_button()\n        login_page = LoginPage(driver)\n        login_page.input_email_and_password(create_user_and_get_creds)\n        login_page.click_on_login_button()\n>       main_page.wait_page_to_be_loaded()\n\ntests\\test_personal_account.py:40: \n_ _ _ _ _ _ _ _ _ _ _ _ _ _ _ _ _ _ _ _ _ _ _ _ _ _ _ _ _ _ _ _ _ _ _ _ _ _ _ _ _ _ _ _ _ _ _ _ _ _ _ _ _ _ _ _ _ _ _ _ _ _ _ _ _ _ _ _ _ _ _ _ _ _ _ _ _ _ _\npages\\main_page.py:14: in wait_page_to_be_loaded\n    self.find_element_with_wait(MainPageLocators.BUTTON_CREATE_ORDER)\npages\\base_page.py:16: in find_element_with_wait\n    WebDriverWait(self.driver, timeout).until(EC.visibility_of_element_located(locator))\n_ _ _ _ _ _ _ _ _ _ _ _ _ _ _ _ _ _ _ _ _ _ _ _ _ _ _ _ _ _ _ _ _ _ _ _ _ _ _ _ _ _ _ _ _ _ _ _ _ _ _ _ _ _ _ _ _ _ _ _ _ _ _ _ _ _ _ _ _ _ _ _ _ _ _ _ _ _ _\n\nself = <selenium.webdriver.support.wait.WebDriverWait (session=\"c4c8a84030577d88648bed511e11f67f\")>\nmethod = <function visibility_of_element_located.<locals>._predicate at 0x000002A406BF9260>, message = ''\n\n    def until(self, method: Callable[[D], Union[Literal[False], T]], message: str = \"\") -> T:\n        \"\"\"Calls the method provided with the driver as an argument until the \\\n        return value does not evaluate to ``False``.\n    \n        :param method: callable(WebDriver)\n        :param message: optional message for :exc:`TimeoutException`\n        :returns: the result of the last call to `method`\n        :raises: :exc:`selenium.common.exceptions.TimeoutException` if timeout occurs\n        \"\"\"\n        screen = None\n        stacktrace = None\n    \n        end_time = time.monotonic() + self._timeout\n        while True:\n            try:\n                value = method(self._driver)\n                if value:\n                    return value\n            except self._ignored_exceptions as exc:\n                screen = getattr(exc, \"screen\", None)\n                stacktrace = getattr(exc, \"stacktrace\", None)\n            time.sleep(self._poll)\n            if time.monotonic() > end_time:\n                break\n>       raise TimeoutException(message, screen, stacktrace)\nE       selenium.common.exceptions.TimeoutException: Message: \nE       Stacktrace:\nE       \tGetHandleVerifier [0x00F780E3+60707]\nE       \tGetHandleVerifier [0x00F78124+60772]\nE       \t(No symbol) [0x00DA0683]\nE       \t(No symbol) [0x00DE8660]\nE       \t(No symbol) [0x00DE89FB]\nE       \t(No symbol) [0x00E31022]\nE       \t(No symbol) [0x00E0D094]\nE       \t(No symbol) [0x00E2E824]\nE       \t(No symbol) [0x00E0CE46]\nE       \t(No symbol) [0x00DDC5D3]\nE       \t(No symbol) [0x00DDD424]\nE       \tGetHandleVerifier [0x011BBBC3+2435075]\nE       \tGetHandleVerifier [0x011B7163+2416035]\nE       \tGetHandleVerifier [0x011D350C+2531660]\nE       \tGetHandleVerifier [0x00F8F1B5+155125]\nE       \tGetHandleVerifier [0x00F95B5D+182173]\nE       \tGetHandleVerifier [0x00F7F9B8+91640]\nE       \tGetHandleVerifier [0x00F7FB60+92064]\nE       \tGetHandleVerifier [0x00F6A620+4704]\nE       \tBaseThreadInitThunk [0x75A75D49+25]\nE       \tRtlInitializeExceptionChain [0x7732CF0B+107]\nE       \tRtlGetAppContainerNamedObjectPath [0x7732CE91+561]\n\n..\\..\\PycharmProjects\\diplom_3\\.venv\\Lib\\site-packages\\selenium\\webdriver\\support\\wait.py:105: TimeoutException"}, "parameters": [{"name": "driver", "value": "'chrome'"}], "start": 1744670424444, "stop": 1744670435406, "uuid": "57faece1-9e85-4a46-90c1-d140b3366a25", "historyId": "3f93838dd4c9b2bc5a2eebd79f2860ab", "testCaseId": "725770f921dcea94f7df80d084d762d3", "fullName": "tests.test_personal_account.TestPersonalAccount#test_log_out_of_account", "labels": [{"name": "parentSuite", "value": "tests"}, {"name": "suite", "value": "test_personal_account"}, {"name": "subSuite", "value": "TestPersonalAccount"}, {"name": "host", "value": "DESKTOP-GVJUSQ6"}, {"name": "thread", "value": "14740-MainThread"}, {"name": "framework", "value": "pytest"}, {"name": "language", "value": "cpython3"}, {"name": "package", "value": "tests.test_personal_account"}]}